{"/Users/tomato/Projects/react_dojo/client_vite/src/App.tsx": {"path":"/Users/tomato/Projects/react_dojo/client_vite/src/App.tsx","statementMap":{"0":{"start":{"line":3,"column":0},"end":{"line":3,"column":51}},"1":{"start":{"line":4,"column":12},"end":{"line":13,"column":1}},"2":{"start":{"line":5,"column":2},"end":{"line":12,"column":4}},"3":{"start":{"line":14,"column":0},"end":{"line":14,"column":19}}},"fnMap":{"0":{"name":"(anonymous_0)","decl":{"start":{"line":4,"column":12},"end":{"line":4,"column":15}},"loc":{"start":{"line":4,"column":17},"end":{"line":13,"column":1}}}},"branchMap":{},"s":{"0":1,"1":1,"2":1,"3":1},"f":{"0":1},"b":{}}
,"/Users/tomato/Projects/react_dojo/client_vite/src/main.tsx": {"path":"/Users/tomato/Projects/react_dojo/client_vite/src/main.tsx","statementMap":{"0":{"start":{"line":1,"column":0},"end":{"line":1,"column":26}},"1":{"start":{"line":2,"column":0},"end":{"line":2,"column":20}},"2":{"start":{"line":4,"column":0},"end":{"line":4,"column":40}},"3":{"start":{"line":6,"column":0},"end":{"line":6,"column":64}},"4":{"start":{"line":7,"column":13},"end":{"line":8,"column":null}},"5":{"start":{"line":8,"column":7},"end":{"line":8,"column":62}},"6":{"start":{"line":19,"column":12},"end":{"line":25,"column":null}},"7":{"start":{"line":20,"column":7},"end":{"line":24,"column":null}},"8":{"start":{"line":27,"column":13},"end":{"line":27,"column":44}},"9":{"start":{"line":28,"column":0},"end":{"line":42,"column":null}},"10":{"start":{"line":29,"column":2},"end":{"line":42,"column":null}}},"fnMap":{"0":{"name":"(anonymous_0)","decl":{"start":{"line":8,"column":2},"end":{"line":8,"column":5}},"loc":{"start":{"line":8,"column":7},"end":{"line":8,"column":62}}},"1":{"name":"(anonymous_1)","decl":{"start":{"line":8,"column":7},"end":{"line":8,"column":15}},"loc":{"start":{"line":8,"column":7},"end":{"line":8,"column":62}}},"2":{"name":"(anonymous_2)","decl":{"start":{"line":20,"column":2},"end":{"line":20,"column":5}},"loc":{"start":{"line":20,"column":7},"end":{"line":24,"column":null}}},"3":{"name":"(anonymous_3)","decl":{"start":{"line":20,"column":7},"end":{"line":20,"column":null}},"loc":{"start":{"line":20,"column":7},"end":{"line":24,"column":null}}}},"branchMap":{"0":{"loc":{"start":{"line":28,"column":0},"end":{"line":42,"column":null}},"type":"if","locations":[{"start":{"line":28,"column":0},"end":{"line":42,"column":null}}]}},"s":{"0":0,"1":0,"2":0,"3":0,"4":0,"5":0,"6":0,"7":0,"8":0,"9":0,"10":0},"f":{"0":0,"1":0,"2":0,"3":0},"b":{"0":[0]}}
,"/Users/tomato/Projects/react_dojo/client_vite/src/vite-env.d.ts": {"path":"/Users/tomato/Projects/react_dojo/client_vite/src/vite-env.d.ts","statementMap":{},"fnMap":{},"branchMap":{},"s":{},"f":{},"b":{}}
,"/Users/tomato/Projects/react_dojo/client_vite/src/components/v1/index.ts": {"path":"/Users/tomato/Projects/react_dojo/client_vite/src/components/v1/index.ts","statementMap":{"0":{"start":{"line":1,"column":0},"end":{"line":1,"column":9}},"1":{"start":{"line":3,"column":18},"end":{"line":1,"column":36}},"2":{"start":{"line":2,"column":0},"end":{"line":2,"column":7}},"3":{"start":{"line":3,"column":9},"end":{"line":2,"column":32}}},"fnMap":{"0":{"name":"(anonymous_0)","decl":{"start":{"line":3,"column":18},"end":{"line":3,"column":25}},"loc":{"start":{"line":3,"column":18},"end":{"line":1,"column":36}}}},"branchMap":{},"s":{"0":0,"1":0,"2":0,"3":0},"f":{"0":0},"b":{}}
,"/Users/tomato/Projects/react_dojo/client_vite/src/components/v1/Example/index.tsx": {"path":"/Users/tomato/Projects/react_dojo/client_vite/src/components/v1/Example/index.tsx","statementMap":{"0":{"start":{"line":3,"column":23},"end":{"line":3,"column":44}},"1":{"start":{"line":3,"column":29},"end":{"line":3,"column":44}},"2":{"start":{"line":3,"column":13},"end":{"line":3,"column":23}}},"fnMap":{"0":{"name":"(anonymous_0)","decl":{"start":{"line":3,"column":23},"end":{"line":3,"column":26}},"loc":{"start":{"line":3,"column":29},"end":{"line":3,"column":44}}}},"branchMap":{},"s":{"0":0,"1":0,"2":0},"f":{"0":0},"b":{}}
,"/Users/tomato/Projects/react_dojo/client_vite/src/components/v1/SideBox/SideBox.tsx": {"path":"/Users/tomato/Projects/react_dojo/client_vite/src/components/v1/SideBox/SideBox.tsx","statementMap":{"0":{"start":{"line":1,"column":0},"end":{"line":1,"column":51}},"1":{"start":{"line":10,"column":16},"end":{"line":38,"column":1}},"2":{"start":{"line":11,"column":25},"end":{"line":11,"column":30}},"3":{"start":{"line":13,"column":30},"end":{"line":13,"column":43}},"4":{"start":{"line":14,"column":30},"end":{"line":14,"column":49}},"5":{"start":{"line":15,"column":30},"end":{"line":15,"column":49}},"6":{"start":{"line":17,"column":2},"end":{"line":19,"column":23}},"7":{"start":{"line":18,"column":4},"end":{"line":18,"column":26}},"8":{"start":{"line":21,"column":24},"end":{"line":23,"column":3}},"9":{"start":{"line":22,"column":4},"end":{"line":22,"column":52}},"10":{"start":{"line":22,"column":29},"end":{"line":22,"column":50}},"11":{"start":{"line":24,"column":24},"end":{"line":26,"column":3}},"12":{"start":{"line":25,"column":4},"end":{"line":25,"column":52}},"13":{"start":{"line":25,"column":29},"end":{"line":25,"column":50}},"14":{"start":{"line":27,"column":24},"end":{"line":29,"column":3}},"15":{"start":{"line":28,"column":4},"end":{"line":28,"column":52}},"16":{"start":{"line":28,"column":29},"end":{"line":28,"column":50}},"17":{"start":{"line":31,"column":2},"end":{"line":37,"column":4}},"18":{"start":{"line":40,"column":0},"end":{"line":40,"column":23}}},"fnMap":{"0":{"name":"(anonymous_0)","decl":{"start":{"line":10,"column":16},"end":{"line":10,"column":17}},"loc":{"start":{"line":10,"column":53},"end":{"line":38,"column":1}}},"1":{"name":"(anonymous_1)","decl":{"start":{"line":17,"column":12},"end":{"line":17,"column":15}},"loc":{"start":{"line":17,"column":17},"end":{"line":19,"column":3}}},"2":{"name":"(anonymous_2)","decl":{"start":{"line":21,"column":24},"end":{"line":21,"column":27}},"loc":{"start":{"line":21,"column":29},"end":{"line":23,"column":3}}},"3":{"name":"(anonymous_3)","decl":{"start":{"line":22,"column":14},"end":{"line":22,"column":15}},"loc":{"start":{"line":22,"column":29},"end":{"line":22,"column":50}}},"4":{"name":"(anonymous_4)","decl":{"start":{"line":24,"column":24},"end":{"line":24,"column":27}},"loc":{"start":{"line":24,"column":29},"end":{"line":26,"column":3}}},"5":{"name":"(anonymous_5)","decl":{"start":{"line":25,"column":14},"end":{"line":25,"column":15}},"loc":{"start":{"line":25,"column":29},"end":{"line":25,"column":50}}},"6":{"name":"(anonymous_6)","decl":{"start":{"line":27,"column":24},"end":{"line":27,"column":27}},"loc":{"start":{"line":27,"column":29},"end":{"line":29,"column":3}}},"7":{"name":"(anonymous_7)","decl":{"start":{"line":28,"column":14},"end":{"line":28,"column":15}},"loc":{"start":{"line":28,"column":29},"end":{"line":28,"column":50}}}},"branchMap":{"0":{"loc":{"start":{"line":11,"column":10},"end":{"line":11,"column":20}},"type":"default-arg","locations":[{"start":{"line":11,"column":16},"end":{"line":11,"column":20}}]}},"s":{"0":0,"1":0,"2":0,"3":0,"4":0,"5":0,"6":0,"7":0,"8":0,"9":0,"10":0,"11":0,"12":0,"13":0,"14":0,"15":0,"16":0,"17":0,"18":0},"f":{"0":0,"1":0,"2":0,"3":0,"4":0,"5":0,"6":0,"7":0},"b":{"0":[0]}}
,"/Users/tomato/Projects/react_dojo/client_vite/src/components/v1/SideBox/index.ts": {"path":"/Users/tomato/Projects/react_dojo/client_vite/src/components/v1/SideBox/index.ts","statementMap":{"0":{"start":{"line":1,"column":0},"end":{"line":1,"column":50}},"1":{"start":{"line":3,"column":0},"end":{"line":3,"column":23}}},"fnMap":{},"branchMap":{},"s":{"0":0,"1":0},"f":{},"b":{}}
,"/Users/tomato/Projects/react_dojo/client_vite/src/components/v1/Sidebar/Sidebar.tsx": {"path":"/Users/tomato/Projects/react_dojo/client_vite/src/components/v1/Sidebar/Sidebar.tsx","statementMap":{"0":{"start":{"line":2,"column":23},"end":{"line":9,"column":1}},"1":{"start":{"line":3,"column":2},"end":{"line":8,"column":4}},"2":{"start":{"line":2,"column":13},"end":{"line":2,"column":23}},"3":{"start":{"line":10,"column":0},"end":{"line":10,"column":23}}},"fnMap":{"0":{"name":"(anonymous_0)","decl":{"start":{"line":2,"column":23},"end":{"line":2,"column":26}},"loc":{"start":{"line":2,"column":28},"end":{"line":9,"column":1}}}},"branchMap":{},"s":{"0":0,"1":0,"2":0,"3":0},"f":{"0":0},"b":{}}
,"/Users/tomato/Projects/react_dojo/client_vite/src/components/v2/index.ts": {"path":"/Users/tomato/Projects/react_dojo/client_vite/src/components/v2/index.ts","statementMap":{"0":{"start":{"line":1,"column":0},"end":{"line":1,"column":9}},"1":{"start":{"line":3,"column":18},"end":{"line":1,"column":36}},"2":{"start":{"line":2,"column":0},"end":{"line":2,"column":7}},"3":{"start":{"line":3,"column":9},"end":{"line":2,"column":32}}},"fnMap":{"0":{"name":"(anonymous_0)","decl":{"start":{"line":3,"column":18},"end":{"line":3,"column":25}},"loc":{"start":{"line":3,"column":18},"end":{"line":1,"column":36}}}},"branchMap":{},"s":{"0":1,"1":2,"2":1,"3":1},"f":{"0":1},"b":{}}
,"/Users/tomato/Projects/react_dojo/client_vite/src/components/v2/Example/index.tsx": {"path":"/Users/tomato/Projects/react_dojo/client_vite/src/components/v2/Example/index.tsx","statementMap":{"0":{"start":{"line":3,"column":23},"end":{"line":3,"column":59}},"1":{"start":{"line":3,"column":29},"end":{"line":3,"column":59}},"2":{"start":{"line":3,"column":13},"end":{"line":3,"column":23}}},"fnMap":{"0":{"name":"(anonymous_0)","decl":{"start":{"line":3,"column":23},"end":{"line":3,"column":26}},"loc":{"start":{"line":3,"column":29},"end":{"line":3,"column":59}}}},"branchMap":{},"s":{"0":1,"1":1,"2":1},"f":{"0":1},"b":{}}
,"/Users/tomato/Projects/react_dojo/client_vite/src/components/v2/SideBox/SideBox.tsx": {"path":"/Users/tomato/Projects/react_dojo/client_vite/src/components/v2/SideBox/SideBox.tsx","statementMap":{"0":{"start":{"line":1,"column":0},"end":{"line":1,"column":51}},"1":{"start":{"line":10,"column":16},"end":{"line":41,"column":1}},"2":{"start":{"line":11,"column":36},"end":{"line":11,"column":41}},"3":{"start":{"line":13,"column":30},"end":{"line":13,"column":49}},"4":{"start":{"line":14,"column":30},"end":{"line":14,"column":49}},"5":{"start":{"line":15,"column":30},"end":{"line":15,"column":49}},"6":{"start":{"line":17,"column":2},"end":{"line":19,"column":23}},"7":{"start":{"line":18,"column":4},"end":{"line":18,"column":26}},"8":{"start":{"line":21,"column":24},"end":{"line":23,"column":3}},"9":{"start":{"line":22,"column":4},"end":{"line":22,"column":52}},"10":{"start":{"line":22,"column":29},"end":{"line":22,"column":50}},"11":{"start":{"line":24,"column":24},"end":{"line":26,"column":3}},"12":{"start":{"line":25,"column":4},"end":{"line":25,"column":52}},"13":{"start":{"line":25,"column":29},"end":{"line":25,"column":50}},"14":{"start":{"line":27,"column":24},"end":{"line":29,"column":3}},"15":{"start":{"line":28,"column":4},"end":{"line":28,"column":52}},"16":{"start":{"line":28,"column":29},"end":{"line":28,"column":50}},"17":{"start":{"line":31,"column":2},"end":{"line":40,"column":4}},"18":{"start":{"line":43,"column":0},"end":{"line":43,"column":23}}},"fnMap":{"0":{"name":"(anonymous_0)","decl":{"start":{"line":10,"column":16},"end":{"line":10,"column":17}},"loc":{"start":{"line":10,"column":53},"end":{"line":41,"column":1}}},"1":{"name":"(anonymous_1)","decl":{"start":{"line":17,"column":12},"end":{"line":17,"column":15}},"loc":{"start":{"line":17,"column":17},"end":{"line":19,"column":3}}},"2":{"name":"(anonymous_2)","decl":{"start":{"line":21,"column":24},"end":{"line":21,"column":27}},"loc":{"start":{"line":21,"column":29},"end":{"line":23,"column":3}}},"3":{"name":"(anonymous_3)","decl":{"start":{"line":22,"column":14},"end":{"line":22,"column":15}},"loc":{"start":{"line":22,"column":29},"end":{"line":22,"column":50}}},"4":{"name":"(anonymous_4)","decl":{"start":{"line":24,"column":24},"end":{"line":24,"column":27}},"loc":{"start":{"line":24,"column":29},"end":{"line":26,"column":3}}},"5":{"name":"(anonymous_5)","decl":{"start":{"line":25,"column":14},"end":{"line":25,"column":15}},"loc":{"start":{"line":25,"column":29},"end":{"line":25,"column":50}}},"6":{"name":"(anonymous_6)","decl":{"start":{"line":27,"column":24},"end":{"line":27,"column":27}},"loc":{"start":{"line":27,"column":29},"end":{"line":29,"column":3}}},"7":{"name":"(anonymous_7)","decl":{"start":{"line":28,"column":14},"end":{"line":28,"column":15}},"loc":{"start":{"line":28,"column":29},"end":{"line":28,"column":50}}}},"branchMap":{"0":{"loc":{"start":{"line":11,"column":10},"end":{"line":11,"column":20}},"type":"default-arg","locations":[{"start":{"line":11,"column":16},"end":{"line":11,"column":20}}]},"1":{"loc":{"start":{"line":38,"column":32},"end":{"line":38,"column":46}},"type":"cond-expr","locations":[{"start":{"line":38,"column":38},"end":{"line":38,"column":41}},{"start":{"line":38,"column":44},"end":{"line":38,"column":46}}]}},"s":{"0":1,"1":1,"2":1,"3":1,"4":1,"5":1,"6":1,"7":1,"8":1,"9":0,"10":0,"11":1,"12":0,"13":0,"14":1,"15":0,"16":0,"17":1,"18":1},"f":{"0":1,"1":1,"2":0,"3":0,"4":0,"5":0,"6":0,"7":0},"b":{"0":[0],"1":[1,0]}}
,"/Users/tomato/Projects/react_dojo/client_vite/src/components/v2/SideBox/index.ts": {"path":"/Users/tomato/Projects/react_dojo/client_vite/src/components/v2/SideBox/index.ts","statementMap":{"0":{"start":{"line":1,"column":0},"end":{"line":1,"column":50}},"1":{"start":{"line":3,"column":0},"end":{"line":3,"column":23}}},"fnMap":{},"branchMap":{},"s":{"0":1,"1":1},"f":{},"b":{}}
,"/Users/tomato/Projects/react_dojo/client_vite/src/components/v2/Sidebar/Sidebar.tsx": {"path":"/Users/tomato/Projects/react_dojo/client_vite/src/components/v2/Sidebar/Sidebar.tsx","statementMap":{"0":{"start":{"line":2,"column":23},"end":{"line":9,"column":1}},"1":{"start":{"line":3,"column":2},"end":{"line":8,"column":4}},"2":{"start":{"line":2,"column":13},"end":{"line":2,"column":23}},"3":{"start":{"line":10,"column":0},"end":{"line":10,"column":23}}},"fnMap":{"0":{"name":"(anonymous_0)","decl":{"start":{"line":2,"column":23},"end":{"line":2,"column":26}},"loc":{"start":{"line":2,"column":28},"end":{"line":9,"column":1}}}},"branchMap":{},"s":{"0":0,"1":0,"2":0,"3":0},"f":{"0":0},"b":{}}
,"/Users/tomato/Projects/react_dojo/client_vite/src/hooks/useFetch.ts": {"path":"/Users/tomato/Projects/react_dojo/client_vite/src/hooks/useFetch.ts","statementMap":{"0":{"start":{"line":1,"column":0},"end":{"line":1,"column":44}},"1":{"start":{"line":3,"column":17},"end":{"line":12,"column":1}},"2":{"start":{"line":4,"column":26},"end":{"line":4,"column":40}},"3":{"start":{"line":5,"column":2},"end":{"line":9,"column":12}},"4":{"start":{"line":6,"column":4},"end":{"line":8,"column":37}},"5":{"start":{"line":7,"column":21},"end":{"line":7,"column":31}},"6":{"start":{"line":8,"column":22},"end":{"line":8,"column":35}},"7":{"start":{"line":11,"column":2},"end":{"line":11,"column":16}},"8":{"start":{"line":14,"column":0},"end":{"line":14,"column":24}}},"fnMap":{"0":{"name":"(anonymous_0)","decl":{"start":{"line":3,"column":17},"end":{"line":3,"column":18}},"loc":{"start":{"line":3,"column":38},"end":{"line":12,"column":1}}},"1":{"name":"(anonymous_1)","decl":{"start":{"line":5,"column":12},"end":{"line":5,"column":15}},"loc":{"start":{"line":5,"column":17},"end":{"line":9,"column":3}}},"2":{"name":"(anonymous_2)","decl":{"start":{"line":7,"column":12},"end":{"line":7,"column":13}},"loc":{"start":{"line":7,"column":21},"end":{"line":7,"column":31}}},"3":{"name":"(anonymous_3)","decl":{"start":{"line":8,"column":12},"end":{"line":8,"column":13}},"loc":{"start":{"line":8,"column":22},"end":{"line":8,"column":35}}}},"branchMap":{},"s":{"0":0,"1":0,"2":0,"3":0,"4":0,"5":0,"6":0,"7":0,"8":0},"f":{"0":0,"1":0,"2":0,"3":0},"b":{}}
,"/Users/tomato/Projects/react_dojo/client_vite/src/pages/Home.tsx": {"path":"/Users/tomato/Projects/react_dojo/client_vite/src/pages/Home.tsx","statementMap":{"0":{"start":{"line":2,"column":13},"end":{"line":4,"column":1}},"1":{"start":{"line":3,"column":2},"end":{"line":3,"column":36}},"2":{"start":{"line":5,"column":0},"end":{"line":5,"column":20}}},"fnMap":{"0":{"name":"(anonymous_0)","decl":{"start":{"line":2,"column":13},"end":{"line":2,"column":16}},"loc":{"start":{"line":2,"column":18},"end":{"line":4,"column":1}}}},"branchMap":{},"s":{"0":0,"1":0,"2":0},"f":{"0":0},"b":{}}
}
